    loop_
        _Atom_chem_shift.ID
        _Atom_chem_shift.Entity_assembly_ID
        _Atom_chem_shift.Entity_ID
        _Atom_chem_shift.Comp_index_ID
        _Atom_chem_shift.Seq_ID
        _Atom_chem_shift.Comp_ID
        _Atom_chem_shift.Atom_ID
        _Atom_chem_shift.Atom_type
        _Atom_chem_shift.Atom_isotope
        _Atom_chem_shift.Author_seq_code
        _Atom_chem_shift.Author_comp_code
        _Atom_chem_shift.Author_atom_code
        _Atom_chem_shift.Chem_shift_val
        _Atom_chem_shift.Chem_shift_val_err
        _Atom_chem_shift.Chem_shift_assign_fig_of_merit
        _Atom_chem_shift.Chem_shift_ambiguity_code
        _Atom_chem_shift.Chem_shift_occupancy_ID
        _Atom_chem_shift.Derivation_ID
        _Atom_chem_shift.Entry_atom_ID
        _Atom_chem_shift.Entry_ID
        _Atom_chem_shift.Assigned_chem_shift_list_ID

      1    1     1     1     1    GUA       H1    H     1     1    GUA       H1     10.677    0.011    .    .    .    .    .    NEED_ACC_NUM    1    
      2    1     1     1     1    GUA       H8    H     1     1    GUA       H8      8.182    0.011    .    .    .    .    .    NEED_ACC_NUM    1    
      3    1     1     1     1    GUA    "H1'"    H     1     1    GUA    "H1'"      5.833    0.002    .    .    .    .    .    NEED_ACC_NUM    1    
      4    1     1     1     1    GUA    "H2'"    H     1     1    GUA    "H2'"      4.955    0.001    .    .    .    .    .    NEED_ACC_NUM    1    
      5    1     1     1     1    GUA    "H3'"    H     1     1    GUA    "H3'"      4.763    0.002    .    .    .    .    .    NEED_ACC_NUM    1    
      6    1     1     1     1    GUA    "H4'"    H     1     1    GUA    "H4'"      4.532    0.001    .    .    .    .    .    NEED_ACC_NUM    1    
      7    1     1     1     1    GUA      H21    H     1     1    GUA      H21      6.447    0.000    .    .    .    .    .    NEED_ACC_NUM    1    
      8    1     1     1     1    GUA    H21-2    H     1     1    GUA    H21-2      6.451    0.000    .    .    .    .    .    NEED_ACC_NUM    1    
      9    1     1     1     1    GUA       N1    N    15     1    GUA       N1    144.355    0.000    .    .    .    .    .    NEED_ACC_NUM    1    
     10    1     2     2     2    GUA       H1    H     1     2    GUA       H1     12.818    0.014    .    .    .    .    .    NEED_ACC_NUM    1    
     11    1     2     2     2    GUA       H8    H     1     2    GUA       H8      7.611    0.005    .    .    .    .    .    NEED_ACC_NUM    1    
     12    1     2     2     2    GUA    "H1'"    H     1     2    GUA    "H1'"      5.833    0.015    .    .    .    .    .    NEED_ACC_NUM    1    
     13    1     2     2     2    GUA    "H2'"    H     1     2    GUA    "H2'"      4.661    0.001    .    .    .    .    .    NEED_ACC_NUM    1    
     14    1     2     2     2    GUA    "C1'"    C    13     2    GUA    "C1'"     91.566    0.039    .    .    .    .    .    NEED_ACC_NUM    1    
     15    1     2     2     2    GUA       N1    N    15     2    GUA       N1    147.238    0.000    .    .    .    .    .    NEED_ACC_NUM    1    
     16    1     3     3     3    GUA       H1    H     1     3    GUA       H1     12.331    0.010    .    .    .    .    .    NEED_ACC_NUM    1    
     17    1     3     3     3    GUA       H8    H     1     3    GUA       H8      7.215    0.017    .    .    .    .    .    NEED_ACC_NUM    1    
     18    1     3     3     3    GUA    "H1'"    H     1     3    GUA    "H1'"      5.724    0.008    .    .    .    .    .    NEED_ACC_NUM    1    
     19    1     3     3     3    GUA    "H2'"    H     1     3    GUA    "H2'"      4.535    0.002    .    .    .    .    .    NEED_ACC_NUM    1    
     20    1     3     3     3    GUA       C8    C    13     3    GUA       C8    135.924    0.000    .    .    .    .    .    NEED_ACC_NUM    1    
     21    1     3     3     3    GUA    "C1'"    C    13     3    GUA    "C1'"     91.962    0.000    .    .    .    .    .    NEED_ACC_NUM    1    
     22    1     3     3     3    GUA       N1    N    15     3    GUA       N1    146.910    0.000    .    .    .    .    .    NEED_ACC_NUM    1    
     23    1     4     4     4    ADE       H2    H     1     4    ADE       H2      7.736    0.024    .    .    .    .    .    NEED_ACC_NUM    1    
     24    1     4     4     4    ADE       H8    H     1     4    ADE       H8    138.739    0.000    .    .    .    .    .    NEED_ACC_NUM    1    
     25    1     4     4     4    ADE    "H1'"    H     1     4    ADE    "H1'"      5.877    0.002    .    .    .    .    .    NEED_ACC_NUM    1    
     26    1     4     4     4    ADE    "H2'"    H     1     4    ADE    "H2'"      4.433    0.001    .    .    .    .    .    NEED_ACC_NUM    1    
     27    1     4     4     4    ADE      H61    H     1     4    ADE      H61      7.909    0.004    .    .    .    .    .    NEED_ACC_NUM    1    
     28    1     4     4     4    ADE      H62    H     1     4    ADE      H62      6.275    0.008    .    .    .    .    .    NEED_ACC_NUM    1    
     29    1     4     4     4    ADE       C2    C    13     4    ADE       C2    153.900    0.000    .    .    .    .    .    NEED_ACC_NUM    1    
     30    1     4     4     4    ADE    "C1'"    C    13     4    ADE    "C1'"     92.155    0.000    .    .    .    .    .    NEED_ACC_NUM    1    
     31    1     5     5     5    URI       H3    H     1     5    URI       H3     11.563    0.007    .    .    .    .    .    NEED_ACC_NUM    1    
     32    1     5     5     5    URI       H5    H     1     5    URI       H5      4.799    0.013    .    .    .    .    .    NEED_ACC_NUM    1    
     33    1     5     5     5    URI       H6    H     1     5    URI       H6      7.350    0.002    .    .    .    .    .    NEED_ACC_NUM    1    
     34    1     5     5     5    URI    "H1'"    H     1     5    URI    "H1'"      5.429    0.008    .    .    .    .    .    NEED_ACC_NUM    1    
     35    1     5     5     5    URI    "H2'"    H     1     5    URI    "H2'"      4.679    0.008    .    .    .    .    .    NEED_ACC_NUM    1    
     36    1     5     5     5    URI       C5    C    13     5    URI       C5    101.182    0.000    .    .    .    .    .    NEED_ACC_NUM    1    
     37    1     5     5     5    URI       C6    C    13     5    URI       C6    140.755    0.000    .    .    .    .    .    NEED_ACC_NUM    1    
     38    1     5     5     5    URI    "C1'"    C    13     5    URI    "C1'"     92.612    0.000    .    .    .    .    .    NEED_ACC_NUM    1    
     39    1     5     5     5    URI       N3    N    15     5    URI       N3    156.584    0.000    .    .    .    .    .    NEED_ACC_NUM    1    
     40    1     6     6     6    ADE       H2    H     1     6    ADE       H2      7.612    0.020    .    .    .    .    .    NEED_ACC_NUM    1    
     41    1     6     6     6    ADE       H8    H     1     6    ADE       H8      8.041    0.001    .    .    .    .    .    NEED_ACC_NUM    1    
     42    1     6     6     6    ADE    "H1'"    H     1     6    ADE    "H1'"      5.956    0.002    .    .    .    .    .    NEED_ACC_NUM    1    
     43    1     6     6     6    ADE    "H2'"    H     1     6    ADE    "H2'"      5.026    0.025    .    .    .    .    .    NEED_ACC_NUM    1    
     44    1     6     6     6    ADE    "H3'"    H     1     6    ADE    "H3'"      5.028    0.026    .    .    .    .    .    NEED_ACC_NUM    1    
     45    1     6     6     6    ADE    "H4'"    H     1     6    ADE    "H4'"      4.688    0.000    .    .    .    .    .    NEED_ACC_NUM    1    
     46    1     6     6     6    ADE      H61    H     1     6    ADE      H61      9.070    0.003    .    .    .    .    .    NEED_ACC_NUM    1    
     47    1     6     6     6    ADE      H62    H     1     6    ADE      H62      6.811    0.018    .    .    .    .    .    NEED_ACC_NUM    1    
     48    1     6     6     6    ADE       C2    C    13     6    ADE       C2    154.989    0.000    .    .    .    .    .    NEED_ACC_NUM    1    
     49    1     6     6     6    ADE       C8    C    13     6    ADE       C8    140.096    0.000    .    .    .    .    .    NEED_ACC_NUM    1    
     50    1     6     6     6    ADE    "C1'"    C    13     6    ADE    "C1'"     85.611    0.000    .    .    .    .    .    NEED_ACC_NUM    1    
     51    1     7     7     7    URI       H5    H     1     7    URI       H5      6.058    0.011    .    .    .    .    .    NEED_ACC_NUM    1    
     52    1     7     7     7    URI       H6    H     1     7    URI       H6      8.077    0.006    .    .    .    .    .    NEED_ACC_NUM    1    
     53    1     7     7     7    URI    "H1'"    H     1     7    URI    "H1'"      6.130    0.017    .    .    .    .    .    NEED_ACC_NUM    1    
     54    1     7     7     7    URI    "H2'"    H     1     7    URI    "H2'"      4.858    0.003    .    .    .    .    .    NEED_ACC_NUM    1    
     55    1     7     7     7    URI    "H3'"    H     1     7    URI    "H3'"      5.014    0.002    .    .    .    .    .    NEED_ACC_NUM    1    
     56    1     7     7     7    URI       C5    C    13     7    URI       C5    104.041    0.010    .    .    .    .    .    NEED_ACC_NUM    1    
     57    1     7     7     7    URI       C6    C    13     7    URI       C6    145.025    0.000    .    .    .    .    .    NEED_ACC_NUM    1    
     58    1     7     7     7    URI    "C1'"    C    13     7    URI    "C1'"     91.183    0.000    .    .    .    .    .    NEED_ACC_NUM    1    
     59    1     8     8     8    GUA       H1    H     1     8    GUA       H1     12.389    0.004    .    .    .    .    .    NEED_ACC_NUM    1    
     60    1     8     8     8    GUA       H8    H     1     8    GUA       H8      7.572    0.017    .    .    .    .    .    NEED_ACC_NUM    1    
     61    1     8     8     8    GUA    "H1'"    H     1     8    GUA    "H1'"      6.116    0.006    .    .    .    .    .    NEED_ACC_NUM    1    
     62    1     8     8     8    GUA    "H2'"    H     1     8    GUA    "H2'"      5.015    0.002    .    .    .    .    .    NEED_ACC_NUM    1    
     63    1     8     8     8    GUA      H21    H     1     8    GUA      H21      8.870    0.003    .    .    .    .    .    NEED_ACC_NUM    1    
     64    1     8     8     8    GUA      H22    H     1     8    GUA      H22      8.313    0.002    .    .    .    .    .    NEED_ACC_NUM    1    
     65    1     8     8     8    GUA       C8    C    13     8    GUA       C8    136.652    0.000    .    .    .    .    .    NEED_ACC_NUM    1    
     66    1     8     8     8    GUA    "C1'"    C    13     8    GUA    "C1'"     90.520    0.000    .    .    .    .    .    NEED_ACC_NUM    1    
     67    1     8     8     8    GUA       N1    N    15     8    GUA       N1    146.561    0.000    .    .    .    .    .    NEED_ACC_NUM    1    
     68    1     9     9     9    GUA       H1    H     1     9    GUA       H1     12.699    0.011    .    .    .    .    .    NEED_ACC_NUM    1    
     69    1     9     9     9    GUA       H8    H     1     9    GUA       H8      6.809    0.017    .    .    .    .    .    NEED_ACC_NUM    1    
     70    1     9     9     9    GUA    "H1'"    H     1     9    GUA    "H1'"      5.665    0.021    .    .    .    .    .    NEED_ACC_NUM    1    
     71    1     9     9     9    GUA    "H2'"    H     1     9    GUA    "H2'"      4.388    0.009    .    .    .    .    .    NEED_ACC_NUM    1    
     72    1     9     9     9    GUA      H21    H     1     9    GUA      H21      8.013    0.000    .    .    .    .    .    NEED_ACC_NUM    1    
     73    1     9     9     9    GUA      H22    H     1     9    GUA      H22      5.924    0.000    .    .    .    .    .    NEED_ACC_NUM    1    
     74    1     9     9     9    GUA       C8    C    13     9    GUA       C8    136.141    0.000    .    .    .    .    .    NEED_ACC_NUM    1    
     75    1     9     9     9    GUA    "C1'"    C    13     9    GUA    "C1'"     89.215    0.000    .    .    .    .    .    NEED_ACC_NUM    1    
     76    1     9     9     9    GUA       N1    N    15     9    GUA       N1    147.980    0.000    .    .    .    .    .    NEED_ACC_NUM    1    
     77    1    10    10    10    ADE       H2    H     1    10    ADE       H2      7.096    0.004    .    .    .    .    .    NEED_ACC_NUM    1    
     78    1    10    10    10    ADE       H8    H     1    10    ADE       H8      7.795    0.012    .    .    .    .    .    NEED_ACC_NUM    1    
     79    1    10    10    10    ADE    "H1'"    H     1    10    ADE    "H1'"      6.028    0.001    .    .    .    .    .    NEED_ACC_NUM    1    
     80    1    10    10    10    ADE    "H2'"    H     1    10    ADE    "H2'"      4.567    0.001    .    .    .    .    .    NEED_ACC_NUM    1    
     81    1    10    10    10    ADE      H61    H     1    10    ADE      H61      7.830    0.005    .    .    .    .    .    NEED_ACC_NUM    1    
     82    1    10    10    10    ADE      H62    H     1    10    ADE      H62      6.406    0.019    .    .    .    .    .    NEED_ACC_NUM    1    
     83    1    10    10    10    ADE       C2    C    13    10    ADE       C2    152.915    0.000    .    .    .    .    .    NEED_ACC_NUM    1    
     84    1    10    10    10    ADE       C8    C    13    10    ADE       C8    138.961    0.000    .    .    .    .    .    NEED_ACC_NUM    1    
     85    1    10    10    10    ADE    "C1'"    C    13    10    ADE    "C1'"     92.028    0.000    .    .    .    .    .    NEED_ACC_NUM    1    
     86    1    11    11    11    ADE       H2    H     1    11    ADE       H2      7.343    0.020    .    .    .    .    .    NEED_ACC_NUM    1    
     87    1    11    11    11    ADE       H8    H     1    11    ADE       H8      7.722    0.028    .    .    .    .    .    NEED_ACC_NUM    1    
     88    1    11    11    11    ADE    "H1'"    H     1    11    ADE    "H1'"      5.903    0.004    .    .    .    .    .    NEED_ACC_NUM    1    
     89    1    11    11    11    ADE    "H2'"    H     1    11    ADE    "H2'"      4.557    0.001    .    .    .    .    .    NEED_ACC_NUM    1    
     90    1    11    11    11    ADE      H61    H     1    11    ADE      H61      7.896    0.008    .    .    .    .    .    NEED_ACC_NUM    1    
     91    1    11    11    11    ADE      H62    H     1    11    ADE      H62      6.444    0.015    .    .    .    .    .    NEED_ACC_NUM    1    
     92    1    11    11    11    ADE       C2    C    13    11    ADE       C2    152.945    0.005    .    .    .    .    .    NEED_ACC_NUM    1    
     93    1    11    11    11    ADE       C8    C    13    11    ADE       C8    138.987    0.000    .    .    .    .    .    NEED_ACC_NUM    1    
     94    1    11    11    11    ADE    "C1'"    C    13    11    ADE    "C1'"     92.119    0.000    .    .    .    .    .    NEED_ACC_NUM    1    
     95    1    12    12    12    GUA       H1    H     1    12    GUA       H1     12.566    0.004    .    .    .    .    .    NEED_ACC_NUM    1    
     96    1    12    12    12    GUA       H8    H     1    12    GUA       H8      7.155    0.014    .    .    .    .    .    NEED_ACC_NUM    1    
     97    1    12    12    12    GUA    "H1'"    H     1    12    GUA    "H1'"      5.589    0.011    .    .    .    .    .    NEED_ACC_NUM    1    
     98    1    12    12    12    GUA    "H2'"    H     1    12    GUA    "H2'"      4.384    0.017    .    .    .    .    .    NEED_ACC_NUM    1    
     99    1    12    12    12    GUA      H21    H     1    12    GUA      H21      7.895    0.000    .    .    .    .    .    NEED_ACC_NUM    1    
    100    1    12    12    12    GUA      H22    H     1    12    GUA      H22      6.015    0.000    .    .    .    .    .    NEED_ACC_NUM    1    
    101    1    12    12    12    GUA       C8    C    13    12    GUA       C8    135.678    0.000    .    .    .    .    .    NEED_ACC_NUM    1    
    102    1    12    12    12    GUA       N1    N    15    12    GUA       N1    146.782    0.000    .    .    .    .    .    NEED_ACC_NUM    1    
    103    1    13    13    13    ADE       H2    H     1    13    ADE       H2      7.159    0.016    .    .    .    .    .    NEED_ACC_NUM    1    
    104    1    13    13    13    ADE       H8    H     1    13    ADE       H8      7.704    0.018    .    .    .    .    .    NEED_ACC_NUM    1    
    105    1    13    13    13    ADE    "H1'"    H     1    13    ADE    "H1'"      5.848    0.005    .    .    .    .    .    NEED_ACC_NUM    1    
    106    1    13    13    13    ADE    "H2'"    H     1    13    ADE    "H2'"      4.370    0.001    .    .    .    .    .    NEED_ACC_NUM    1    
    107    1    13    13    13    ADE      H61    H     1    13    ADE      H61      8.002    0.004    .    .    .    .    .    NEED_ACC_NUM    1    
    108    1    13    13    13    ADE      H62    H     1    13    ADE      H62      6.418    0.000    .    .    .    .    .    NEED_ACC_NUM    1    
    109    1    13    13    13    ADE       C2    C    13    13    ADE       C2    152.941    0.015    .    .    .    .    .    NEED_ACC_NUM    1    
    110    1    13    13    13    ADE       C8    C    13    13    ADE       C8    138.996    0.000    .    .    .    .    .    NEED_ACC_NUM    1    
    111    1    13    13    13    ADE    "C1'"    C    13    13    ADE    "C1'"     89.775    0.000    .    .    .    .    .    NEED_ACC_NUM    1    
    112    1    14    14    14    ADE       H2    H     1    14    ADE       H2      7.735    0.027    .    .    .    .    .    NEED_ACC_NUM    1    
    113    1    14    14    14    ADE       H8    H     1    14    ADE       H8      7.848    0.030    .    .    .    .    .    NEED_ACC_NUM    1    
    114    1    14    14    14    ADE    "H1'"    H     1    14    ADE    "H1'"      5.928    0.001    .    .    .    .    .    NEED_ACC_NUM    1    
    115    1    14    14    14    ADE    "H2'"    H     1    14    ADE    "H2'"      4.299    0.000    .    .    .    .    .    NEED_ACC_NUM    1    
    116    1    14    14    14    ADE      H61    H     1    14    ADE      H61      8.266    0.000    .    .    .    .    .    NEED_ACC_NUM    1    
    117    1    14    14    14    ADE      H62    H     1    14    ADE      H62      6.536    0.000    .    .    .    .    .    NEED_ACC_NUM    1    
    118    1    14    14    14    ADE       C2    C    13    14    ADE       C2    153.900    0.000    .    .    .    .    .    NEED_ACC_NUM    1    
    119    1    14    14    14    ADE       C8    C    13    14    ADE       C8    138.786    0.000    .    .    .    .    .    NEED_ACC_NUM    1    
    120    1    14    14    14    ADE    "C1'"    C    13    14    ADE    "C1'"     90.527    0.000    .    .    .    .    .    NEED_ACC_NUM    1    
    121    1    15    15    15    CYT       H5    H     1    15    CYT       H5      5.173    0.003    .    .    .    .    .    NEED_ACC_NUM    1    
    122    1    15    15    15    CYT       H6    H     1    15    CYT       H6      7.493    0.020    .    .    .    .    .    NEED_ACC_NUM    1    
    123    1    15    15    15    CYT    "H1'"    H     1    15    CYT    "H1'"      5.388    0.001    .    .    .    .    .    NEED_ACC_NUM    1    
    124    1    15    15    15    CYT    "H2'"    H     1    15    CYT    "H2'"      4.089    0.003    .    .    .    .    .    NEED_ACC_NUM    1    
    125    1    15    15    15    CYT      H41    H     1    15    CYT      H41      8.290    0.000    .    .    .    .    .    NEED_ACC_NUM    1    
    126    1    15    15    15    CYT      H42    H     1    15    CYT      H42      6.924    0.002    .    .    .    .    .    NEED_ACC_NUM    1    
    127    1    15    15    15    CYT       C5    C    13    15    CYT       C5     95.878    0.000    .    .    .    .    .    NEED_ACC_NUM    1    
    128    1    15    15    15    CYT       C6    C    13    15    CYT       C6    141.404    0.000    .    .    .    .    .    NEED_ACC_NUM    1    
    129    1    15    15    15    CYT    "C1'"    C    13    15    CYT    "C1'"     92.349    0.000    .    .    .    .    .    NEED_ACC_NUM    1    
    130    1    16    16    16    CYT       H5    H     1    16    CYT       H5      5.432    0.004    .    .    .    .    .    NEED_ACC_NUM    1    
    131    1    16    16    16    CYT       H6    H     1    16    CYT       H6      7.668    0.002    .    .    .    .    .    NEED_ACC_NUM    1    
    132    1    16    16    16    CYT    "H1'"    H     1    16    CYT    "H1'"      5.593    0.004    .    .    .    .    .    NEED_ACC_NUM    1    
    133    1    16    16    16    CYT    "H2'"    H     1    16    CYT    "H2'"      4.538    0.002    .    .    .    .    .    NEED_ACC_NUM    1    
    134    1    16    16    16    CYT      H41    H     1    16    CYT      H41      8.441    0.000    .    .    .    .    .    NEED_ACC_NUM    1    
    135    1    16    16    16    CYT      H42    H     1    16    CYT      H42      6.749    0.000    .    .    .    .    .    NEED_ACC_NUM    1    
    136    1    16    16    16    CYT       C5    C    13    16    CYT       C5     96.169    0.000    .    .    .    .    .    NEED_ACC_NUM    1    
    137    1    16    16    16    CYT       C6    C    13    16    CYT       C6    141.398    0.000    .    .    .    .    .    NEED_ACC_NUM    1    
    138    1    17    17    17    GUA       H1    H     1    17    GUA       H1     10.321    0.003    .    .    .    .    .    NEED_ACC_NUM    1    
    139    1    17    17    17    GUA       H8    H     1    17    GUA       H8      7.459    0.010    .    .    .    .    .    NEED_ACC_NUM    1    
    140    1    17    17    17    GUA    "H1'"    H     1    17    GUA    "H1'"      5.734    0.007    .    .    .    .    .    NEED_ACC_NUM    1    
    141    1    17    17    17    GUA    "H2'"    H     1    17    GUA    "H2'"      4.573    0.006    .    .    .    .    .    NEED_ACC_NUM    1    
    142    1    17    17    17    GUA    H21-2    H     1    17    GUA    H21-2      5.713    0.004    .    .    .    .    .    NEED_ACC_NUM    1    
    143    1    17    17    17    GUA    "C1'"    C    13    17    GUA    "C1'"     91.822    0.000    .    .    .    .    .    NEED_ACC_NUM    1    
    144    1    17    17    17    GUA       N1    N    15    17    GUA       N1    143.249    0.000    .    .    .    .    .    NEED_ACC_NUM    1    
    145    1    18    18    18    GUA       H1    H     1    18    GUA       H1     10.863    0.003    .    .    .    .    .    NEED_ACC_NUM    1    
    146    1    18    18    18    GUA       H8    H     1    18    GUA       H8      6.956    0.007    .    .    .    .    .    NEED_ACC_NUM    1    
    147    1    18    18    18    GUA    "H1'"    H     1    18    GUA    "H1'"      5.714    0.012    .    .    .    .    .    NEED_ACC_NUM    1    
    148    1    18    18    18    GUA    "H2'"    H     1    18    GUA    "H2'"      4.533    0.001    .    .    .    .    .    NEED_ACC_NUM    1    
    149    1    18    18    18    GUA      H21    H     1    18    GUA      H21      6.598    0.000    .    .    .    .    .    NEED_ACC_NUM    1    
    150    1    18    18    18    GUA    H21-2    H     1    18    GUA    H21-2      6.582    0.000    .    .    .    .    .    NEED_ACC_NUM    1    
    151    1    18    18    18    GUA       C8    C    13    18    GUA       C8    135.964    0.000    .    .    .    .    .    NEED_ACC_NUM    1    
    152    1    18    18    18    GUA    "C1'"    C    13    18    GUA    "C1'"     91.328    0.000    .    .    .    .    .    NEED_ACC_NUM    1    
    153    1    18    18    18    GUA       N1    N    15    18    GUA       N1    143.376    0.000    .    .    .    .    .    NEED_ACC_NUM    1    
    154    1    19    19    19    GUA       H1    H     1    19    GUA       H1     13.312    0.005    .    .    .    .    .    NEED_ACC_NUM    1    
    155    1    19    19    19    GUA       H8    H     1    19    GUA       H8      6.960    0.006    .    .    .    .    .    NEED_ACC_NUM    1    
    156    1    19    19    19    GUA    "H1'"    H     1    19    GUA    "H1'"      5.760    0.009    .    .    .    .    .    NEED_ACC_NUM    1    
    157    1    19    19    19    GUA    "H2'"    H     1    19    GUA    "H2'"      4.504    0.001    .    .    .    .    .    NEED_ACC_NUM    1    
    158    1    19    19    19    GUA      H21    H     1    19    GUA      H21      9.019    0.008    .    .    .    .    .    NEED_ACC_NUM    1    
    159    1    19    19    19    GUA      H22    H     1    19    GUA      H22      6.656    0.004    .    .    .    .    .    NEED_ACC_NUM    1    
    160    1    19    19    19    GUA       C8    C    13    19    GUA       C8    135.309    0.000    .    .    .    .    .    NEED_ACC_NUM    1    
    161    1    19    19    19    GUA    "C1'"    C    13    19    GUA    "C1'"     91.697    0.000    .    .    .    .    .    NEED_ACC_NUM    1    
    162    1    19    19    19    GUA       N1    N    15    19    GUA       N1    148.363    0.000    .    .    .    .    .    NEED_ACC_NUM    1    
    163    1    20    20    20    GUA       H1    H     1    20    GUA       H1     11.287    0.003    .    .    .    .    .    NEED_ACC_NUM    1    
    164    1    20    20    20    GUA       H8    H     1    20    GUA       H8      7.294    0.023    .    .    .    .    .    NEED_ACC_NUM    1    
    165    1    20    20    20    GUA    "H1'"    H     1    20    GUA    "H1'"      5.593    0.015    .    .    .    .    .    NEED_ACC_NUM    1    
    166    1    20    20    20    GUA    "H2'"    H     1    20    GUA    "H2'"      4.197    0.003    .    .    .    .    .    NEED_ACC_NUM    1    
    167    1    20    20    20    GUA      H21    H     1    20    GUA      H21      8.333    0.003    .    .    .    .    .    NEED_ACC_NUM    1    
    168    1    20    20    20    GUA      H22    H     1    20    GUA      H22      6.852    0.000    .    .    .    .    .    NEED_ACC_NUM    1    
    169    1    20    20    20    GUA       C8    C    13    20    GUA       C8    135.912    0.000    .    .    .    .    .    NEED_ACC_NUM    1    
    170    1    20    20    20    GUA    "C1'"    C    13    20    GUA    "C1'"     92.671    0.000    .    .    .    .    .    NEED_ACC_NUM    1    
    171    1    20    20    20    GUA       N1    N    15    20    GUA       N1    146.520    0.000    .    .    .    .    .    NEED_ACC_NUM    1    
    172    1    21    21    21    ADE       H2    H     1    21    ADE       H2      6.935    0.003    .    .    .    .    .    NEED_ACC_NUM    1    
    173    1    21    21    21    ADE       H8    H     1    21    ADE       H8      8.505    0.012    .    .    .    .    .    NEED_ACC_NUM    1    
    174    1    21    21    21    ADE    "H1'"    H     1    21    ADE    "H1'"      5.580    0.007    .    .    .    .    .    NEED_ACC_NUM    1    
    175    1    21    21    21    ADE    "H2'"    H     1    21    ADE    "H2'"      4.724    0.001    .    .    .    .    .    NEED_ACC_NUM    1    
    176    1    21    21    21    ADE       C2    C    13    21    ADE       C2    152.145    0.000    .    .    .    .    .    NEED_ACC_NUM    1    
    177    1    21    21    21    ADE       C8    C    13    21    ADE       C8    142.195    0.000    .    .    .    .    .    NEED_ACC_NUM    1    
    178    1    21    21    21    ADE    "C1'"    C    13    21    ADE    "C1'"     92.657    0.000    .    .    .    .    .    NEED_ACC_NUM    1    
    179    1    22    22    22    ADE       H2    H     1    22    ADE       H2      7.863    0.028    .    .    .    .    .    NEED_ACC_NUM    1    
    180    1    22    22    22    ADE       H8    H     1    22    ADE       H8      8.007    0.010    .    .    .    .    .    NEED_ACC_NUM    1    
    181    1    22    22    22    ADE    "H1'"    H     1    22    ADE    "H1'"      5.521    0.004    .    .    .    .    .    NEED_ACC_NUM    1    
    182    1    22    22    22    ADE    "H2'"    H     1    22    ADE    "H2'"      4.279    0.001    .    .    .    .    .    NEED_ACC_NUM    1    
    183    1    22    22    22    ADE       C2    C    13    22    ADE       C2    156.652    0.023    .    .    .    .    .    NEED_ACC_NUM    1    
    184    1    22    22    22    ADE       C8    C    13    22    ADE       C8    140.576    0.000    .    .    .    .    .    NEED_ACC_NUM    1    
    185    1    22    22    22    ADE    "C1'"    C    13    22    ADE    "C1'"     92.814    0.000    .    .    .    .    .    NEED_ACC_NUM    1    
    186    1    23    23    23    ADE       H2    H     1    23    ADE       H2      8.681    0.021    .    .    .    .    .    NEED_ACC_NUM    1    
    187    1    23    23    23    ADE       H8    H     1    23    ADE       H8      8.325    0.024    .    .    .    .    .    NEED_ACC_NUM    1    
    188    1    23    23    23    ADE    "H1'"    H     1    23    ADE    "H1'"      5.710    0.004    .    .    .    .    .    NEED_ACC_NUM    1    
    189    1    23    23    23    ADE    "H2'"    H     1    23    ADE    "H2'"      4.457    0.002    .    .    .    .    .    NEED_ACC_NUM    1    
    190    1    23    23    23    ADE       C2    C    13    23    ADE       C2    157.746    0.004    .    .    .    .    .    NEED_ACC_NUM    1    
    191    1    23    23    23    ADE       C8    C    13    23    ADE       C8    141.828    0.000    .    .    .    .    .    NEED_ACC_NUM    1    
    192    1    23    23    23    ADE    "C1'"    C    13    23    ADE    "C1'"     91.564    0.000    .    .    .    .    .    NEED_ACC_NUM    1    
    193    1    24    24    24    CYT       H5    H     1    24    CYT       H5      6.093    0.026    .    .    .    .    .    NEED_ACC_NUM    1    
    194    1    24    24    24    CYT       H6    H     1    24    CYT       H6      7.693    0.002    .    .    .    .    .    NEED_ACC_NUM    1    
    195    1    24    24    24    CYT    "H1'"    H     1    24    CYT    "H1'"      3.282    0.022    .    .    .    .    .    NEED_ACC_NUM    1    
    196    1    24    24    24    CYT    "H2'"    H     1    24    CYT    "H2'"      4.418    0.015    .    .    .    .    .    NEED_ACC_NUM    1    
    197    1    24    24    24    CYT    "H3'"    H     1    24    CYT    "H3'"      3.910    0.002    .    .    .    .    .    NEED_ACC_NUM    1    
    198    1    24    24    24    CYT    "H4'"    H     1    24    CYT    "H4'"      4.253    0.004    .    .    .    .    .    NEED_ACC_NUM    1    
    199    1    24    24    24    CYT      H41    H     1    24    CYT      H41      8.573    0.003    .    .    .    .    .    NEED_ACC_NUM    1    
    200    1    24    24    24    CYT      H42    H     1    24    CYT      H42      7.093    0.008    .    .    .    .    .    NEED_ACC_NUM    1    
    201    1    24    24    24    CYT       C5    C    13    24    CYT       C5     97.811    0.000    .    .    .    .    .    NEED_ACC_NUM    1    
    202    1    24    24    24    CYT    "C1'"    C    13    24    CYT    "C1'"     93.190    0.000    .    .    .    .    .    NEED_ACC_NUM    1    
    203    1    25    25    25    URI       H3    H     1    25    URI       H3     11.624    0.005    .    .    .    .    .    NEED_ACC_NUM    1    
    204    1    25    25    25    URI       H5    H     1    25    URI       H5      5.624    0.007    .    .    .    .    .    NEED_ACC_NUM    1    
    205    1    25    25    25    URI       H6    H     1    25    URI       H6      8.023    0.005    .    .    .    .    .    NEED_ACC_NUM    1    
    206    1    25    25    25    URI    "H1'"    H     1    25    URI    "H1'"      5.492    0.009    .    .    .    .    .    NEED_ACC_NUM    1    
    207    1    25    25    25    URI    "H2'"    H     1    25    URI    "H2'"      4.179    0.008    .    .    .    .    .    NEED_ACC_NUM    1    
    208    1    25    25    25    URI       C5    C    13    25    URI       C5    103.077    0.000    .    .    .    .    .    NEED_ACC_NUM    1    
    209    1    25    25    25    URI    "C1'"    C    13    25    URI    "C1'"     92.802    0.000    .    .    .    .    .    NEED_ACC_NUM    1    
    210    1    25    25    25    URI       N3    N    15    25    URI       N3    157.774    0.000    .    .    .    .    .    NEED_ACC_NUM    1    
    211    1    26    26    26    URI       H3    H     1    26    URI       H3     11.700    0.006    .    .    .    .    .    NEED_ACC_NUM    1    
    212    1    26    26    26    URI       H5    H     1    26    URI       H5      5.648    0.008    .    .    .    .    .    NEED_ACC_NUM    1    
    213    1    26    26    26    URI       H6    H     1    26    URI       H6      8.062    0.005    .    .    .    .    .    NEED_ACC_NUM    1    
    214    1    26    26    26    URI    "H1'"    H     1    26    URI    "H1'"      5.643    0.016    .    .    .    .    .    NEED_ACC_NUM    1    
    215    1    26    26    26    URI    "H2'"    H     1    26    URI    "H2'"      4.300    0.004    .    .    .    .    .    NEED_ACC_NUM    1    
    216    1    26    26    26    URI    "C1'"    C    13    26    URI    "C1'"     92.405    0.000    .    .    .    .    .    NEED_ACC_NUM    1    
    217    1    26    26    26    URI       N3    N    15    26    URI       N3    158.510    0.000    .    .    .    .    .    NEED_ACC_NUM    1    
    218    1    27    27    27    GUA       H1    H     1    27    GUA       H1     12.421    0.011    .    .    .    .    .    NEED_ACC_NUM    1    
    219    1    27    27    27    GUA       H8    H     1    27    GUA       H8      8.032    0.014    .    .    .    .    .    NEED_ACC_NUM    1    
    220    1    27    27    27    GUA    "H1'"    H     1    27    GUA    "H1'"      5.742    0.002    .    .    .    .    .    NEED_ACC_NUM    1    
    221    1    27    27    27    GUA    "H2'"    H     1    27    GUA    "H2'"      4.695    0.013    .    .    .    .    .    NEED_ACC_NUM    1    
    222    1    27    27    27    GUA       C8    C    13    27    GUA       C8    137.750    0.000    .    .    .    .    .    NEED_ACC_NUM    1    
    223    1    27    27    27    GUA       N1    N    15    27    GUA       N1    146.767    0.000    .    .    .    .    .    NEED_ACC_NUM    1    
    224    1    28    28    28    GUA       H1    H     1    28    GUA       H1     13.205    0.004    .    .    .    .    .    NEED_ACC_NUM    1    
    225    1    28    28    28    GUA       H8    H     1    28    GUA       H8      7.322    0.017    .    .    .    .    .    NEED_ACC_NUM    1    
    226    1    28    28    28    GUA    "H1'"    H     1    28    GUA    "H1'"      5.729    0.001    .    .    .    .    .    NEED_ACC_NUM    1    
    227    1    28    28    28    GUA    "H2'"    H     1    28    GUA    "H2'"      4.364    0.002    .    .    .    .    .    NEED_ACC_NUM    1    
    228    1    28    28    28    GUA      H21    H     1    28    GUA      H21      8.394    0.000    .    .    .    .    .    NEED_ACC_NUM    1    
    229    1    28    28    28    GUA      H22    H     1    28    GUA      H22      6.112    0.000    .    .    .    .    .    NEED_ACC_NUM    1    
    230    1    28    28    28    GUA       C8    C    13    28    GUA       C8    135.703    0.000    .    .    .    .    .    NEED_ACC_NUM    1    
    231    1    28    28    28    GUA       N1    N    15    28    GUA       N1    147.956    0.000    .    .    .    .    .    NEED_ACC_NUM    1    
    232    1    29    29    29    URI       H3    H     1    29    URI       H3     14.495    0.003    .    .    .    .    .    NEED_ACC_NUM    1    
    233    1    29    29    29    URI       H5    H     1    29    URI       H5      5.026    0.008    .    .    .    .    .    NEED_ACC_NUM    1    
    234    1    29    29    29    URI       H6    H     1    29    URI       H6      7.847    0.005    .    .    .    .    .    NEED_ACC_NUM    1    
    235    1    29    29    29    URI    "H1'"    H     1    29    URI    "H1'"      5.562    0.012    .    .    .    .    .    NEED_ACC_NUM    1    
    236    1    29    29    29    URI    "H2'"    H     1    29    URI    "H2'"      4.374    0.007    .    .    .    .    .    NEED_ACC_NUM    1    
    237    1    29    29    29    URI       C5    C    13    29    URI       C5    101.431    0.000    .    .    .    .    .    NEED_ACC_NUM    1    
    238    1    29    29    29    URI    "C1'"    C    13    29    URI    "C1'"     92.384    0.000    .    .    .    .    .    NEED_ACC_NUM    1    
    239    1    29    29    29    URI       N3    N    15    29    URI       N3    162.333    0.000    .    .    .    .    .    NEED_ACC_NUM    1    
    240    1    30    30    30    URI       H3    H     1    30    URI       H3     14.004    0.005    .    .    .    .    .    NEED_ACC_NUM    1    
    241    1    30    30    30    URI       H5    H     1    30    URI       H5      5.588    0.015    .    .    .    .    .    NEED_ACC_NUM    1    
    242    1    30    30    30    URI       H6    H     1    30    URI       H6      7.976    0.010    .    .    .    .    .    NEED_ACC_NUM    1    
    243    1    30    30    30    URI    "H1'"    H     1    30    URI    "H1'"      5.682    0.003    .    .    .    .    .    NEED_ACC_NUM    1    
    244    1    30    30    30    URI    "H2'"    H     1    30    URI    "H2'"      4.455    0.006    .    .    .    .    .    NEED_ACC_NUM    1    
    245    1    30    30    30    URI       C5    C    13    30    URI       C5    102.413    0.000    .    .    .    .    .    NEED_ACC_NUM    1    
    246    1    30    30    30    URI       N3    N    15    30    URI       N3    162.129    0.000    .    .    .    .    .    NEED_ACC_NUM    1    
    247    1    31    31    31    CYT       H5    H     1    31    CYT       H5      5.677    0.002    .    .    .    .    .    NEED_ACC_NUM    1    
    248    1    31    31    31    CYT       H6    H     1    31    CYT       H6      7.786    0.002    .    .    .    .    .    NEED_ACC_NUM    1    
    249    1    31    31    31    CYT    "H1'"    H     1    31    CYT    "H1'"      5.480    0.001    .    .    .    .    .    NEED_ACC_NUM    1    
    250    1    31    31    31    CYT    "H2'"    H     1    31    CYT    "H2'"      4.291    0.004    .    .    .    .    .    NEED_ACC_NUM    1    
    251    1    31    31    31    CYT      H41    H     1    31    CYT      H41      8.387    0.004    .    .    .    .    .    NEED_ACC_NUM    1    
    252    1    31    31    31    CYT      H42    H     1    31    CYT      H42      6.893    0.007    .    .    .    .    .    NEED_ACC_NUM    1    
    253    1    32    32    32    URI       H3    H     1    32    URI       H3     13.995    0.008    .    .    .    .    .    NEED_ACC_NUM    1    
    254    1    32    32    32    URI       H5    H     1    32    URI       H5      5.382    0.012    .    .    .    .    .    NEED_ACC_NUM    1    
    255    1    32    32    32    URI       H6    H     1    32    URI       H6      7.865    0.008    .    .    .    .    .    NEED_ACC_NUM    1    
    256    1    32    32    32    URI    "H1'"    H     1    32    URI    "H1'"      5.442    0.007    .    .    .    .    .    NEED_ACC_NUM    1    
    257    1    32    32    32    URI    "H2'"    H     1    32    URI    "H2'"      4.413    0.004    .    .    .    .    .    NEED_ACC_NUM    1    
    258    1    32    32    32    URI       C5    C    13    32    URI       C5    102.113    0.000    .    .    .    .    .    NEED_ACC_NUM    1    
    259    1    32    32    32    URI    "C1'"    C    13    32    URI    "C1'"     92.612    0.000    .    .    .    .    .    NEED_ACC_NUM    1    
    260    1    32    32    32    URI       N3    N    15    32    URI       N3    162.720    0.000    .    .    .    .    .    NEED_ACC_NUM    1    
    261    1    33    33    33    URI       H3    H     1    33    URI       H3     13.641    0.004    .    .    .    .    .    NEED_ACC_NUM    1    
    262    1    33    33    33    URI       H5    H     1    33    URI       H5      5.551    0.004    .    .    .    .    .    NEED_ACC_NUM    1    
    263    1    33    33    33    URI       H6    H     1    33    URI       H6      7.945    0.012    .    .    .    .    .    NEED_ACC_NUM    1    
    264    1    33    33    33    URI    "H1'"    H     1    33    URI    "H1'"      5.575    0.008    .    .    .    .    .    NEED_ACC_NUM    1    
    265    1    33    33    33    URI    "H2'"    H     1    33    URI    "H2'"      4.417    0.004    .    .    .    .    .    NEED_ACC_NUM    1    
    266    1    33    33    33    URI       C5    C    13    33    URI       C5    102.135    0.000    .    .    .    .    .    NEED_ACC_NUM    1    
    267    1    33    33    33    URI       C6    C    13    33    URI       C6    142.651    0.000    .    .    .    .    .    NEED_ACC_NUM    1    
    268    1    33    33    33    URI    "C1'"    C    13    33    URI    "C1'"     91.582    0.000    .    .    .    .    .    NEED_ACC_NUM    1    
    269    1    33    33    33    URI       N3    N    15    33    URI       N3    162.472    0.000    .    .    .    .    .    NEED_ACC_NUM    1    
    270    1    34    34    34    CYT       H5    H     1    34    CYT       H5      5.692    0.011    .    .    .    .    .    NEED_ACC_NUM    1    
    271    1    34    34    34    CYT       H6    H     1    34    CYT       H6      7.889    0.002    .    .    .    .    .    NEED_ACC_NUM    1    
    272    1    34    34    34    CYT    "H1'"    H     1    34    CYT    "H1'"      5.448    0.023    .    .    .    .    .    NEED_ACC_NUM    1    
    273    1    34    34    34    CYT    "H2'"    H     1    34    CYT    "H2'"      4.242    0.003    .    .    .    .    .    NEED_ACC_NUM    1    
    274    1    34    34    34    CYT      H41    H     1    34    CYT      H41      8.378    0.002    .    .    .    .    .    NEED_ACC_NUM    1    
    275    1    34    34    34    CYT      H42    H     1    34    CYT      H42      7.072    0.000    .    .    .    .    .    NEED_ACC_NUM    1    
    276    1    34    34    34    CYT       C5    C    13    34    CYT       C5     96.132    0.000    .    .    .    .    .    NEED_ACC_NUM    1    
    277    1    34    34    34    CYT    "C1'"    C    13    34    CYT    "C1'"     92.558    0.000    .    .    .    .    .    NEED_ACC_NUM    1    
    278    1    35    35    35    CYT       H5    H     1    35    CYT       H5      5.381    0.013    .    .    .    .    .    NEED_ACC_NUM    1    
    279    1    35    35    35    CYT       H6    H     1    35    CYT       H6      7.739    0.001    .    .    .    .    .    NEED_ACC_NUM    1    
    280    1    35    35    35    CYT    "H1'"    H     1    35    CYT    "H1'"      5.487    0.000    .    .    .    .    .    NEED_ACC_NUM    1    
    281    1    35    35    35    CYT    "H2'"    H     1    35    CYT    "H2'"      4.156    0.000    .    .    .    .    .    NEED_ACC_NUM    1    
    282    1    35    35    35    CYT      H41    H     1    35    CYT      H41      8.056    0.000    .    .    .    .    .    NEED_ACC_NUM    1    
    283    1    35    35    35    CYT      H42    H     1    35    CYT      H42      6.555    0.009    .    .    .    .    .    NEED_ACC_NUM    1    
    284    1    35    35    35    CYT       C5    C    13    35    CYT       C5     96.305    0.000    .    .    .    .    .    NEED_ACC_NUM    1    
    285    1    35    35    35    CYT    "C1'"    C    13    35    CYT    "C1'"     92.558    0.000    .    .    .    .    .    NEED_ACC_NUM    1    
    286    1    36    36    36    URI       H3    H     1    36    URI       H3     11.496    0.005    .    .    .    .    .    NEED_ACC_NUM    1    
    287    1    36    36    36    URI       H5    H     1    36    URI       H5      5.616    0.007    .    .    .    .    .    NEED_ACC_NUM    1    
    288    1    36    36    36    URI       H6    H     1    36    URI       H6      7.736    0.003    .    .    .    .    .    NEED_ACC_NUM    1    
    289    1    36    36    36    URI    "H1'"    H     1    36    URI    "H1'"      5.586    0.002    .    .    .    .    .    NEED_ACC_NUM    1    
    290    1    36    36    36    URI    "H2'"    H     1    36    URI    "H2'"      4.359    0.004    .    .    .    .    .    NEED_ACC_NUM    1    
    291    1    36    36    36    URI       C5    C    13    36    URI       C5    102.884    0.000    .    .    .    .    .    NEED_ACC_NUM    1    
    292    1    36    36    36    URI       N3    N    15    36    URI       N3    159.320    0.000    .    .    .    .    .    NEED_ACC_NUM    1    
    293    1    37    37    37    ADE       H2    H     1    37    ADE       H2      6.836    0.017    .    .    .    .    .    NEED_ACC_NUM    1    
    294    1    37    37    37    ADE       H8    H     1    37    ADE       H8      7.913    0.016    .    .    .    .    .    NEED_ACC_NUM    1    
    295    1    37    37    37    ADE    "H1'"    H     1    37    ADE    "H1'"      7.198    0.019    .    .    .    .    .    NEED_ACC_NUM    1    
    296    1    37    37    37    ADE    "H2'"    H     1    37    ADE    "H2'"      4.288    0.003    .    .    .    .    .    NEED_ACC_NUM    1    
    297    1    37    37    37    ADE    "H3'"    H     1    37    ADE    "H3'"      4.999    0.002    .    .    .    .    .    NEED_ACC_NUM    1    
    298    1    37    37    37    ADE    "HO2'"    H     1    37    ADE    "HO2'"      6.943    0.000    .    .    .    .    .    NEED_ACC_NUM    1    
    299    1    37    37    37    ADE       C2    C    13    37    ADE       C2    153.300    0.000    .    .    .    .    .    NEED_ACC_NUM    1    
    300    1    37    37    37    ADE       C8    C    13    37    ADE       C8    139.881    0.000    .    .    .    .    .    NEED_ACC_NUM    1    
    301    1    37    37    37    ADE    "C1'"    C    13    37    ADE    "C1'"     88.517    0.000    .    .    .    .    .    NEED_ACC_NUM    1    
    302    1    38    38    38    ADE       H2    H     1    38    ADE       H2      7.960    0.011    .    .    .    .    .    NEED_ACC_NUM    1    
    303    1    38    38    38    ADE       H8    H     1    38    ADE       H8      7.613    0.002    .    .    .    .    .    NEED_ACC_NUM    1    
    304    1    38    38    38    ADE    "H1'"    H     1    38    ADE    "H1'"      3.699    0.012    .    .    .    .    .    NEED_ACC_NUM    1    
    305    1    38    38    38    ADE    "H2'"    H     1    38    ADE    "H2'"      4.444    0.001    .    .    .    .    .    NEED_ACC_NUM    1    
    306    1    38    38    38    ADE       C2    C    13    38    ADE       C2    153.314    0.000    .    .    .    .    .    NEED_ACC_NUM    1    
    307    1    38    38    38    ADE    "C1'"    C    13    38    ADE    "C1'"     91.394    0.000    .    .    .    .    .    NEED_ACC_NUM    1    
    308    1    39    39    39    GUA       H1    H     1    39    GUA       H1     11.289    0.020    .    .    .    .    .    NEED_ACC_NUM    1    
    309    1    39    39    39    GUA       H8    H     1    39    GUA       H8      7.402    0.004    .    .    .    .    .    NEED_ACC_NUM    1    
    310    1    39    39    39    GUA    "H1'"    H     1    39    GUA    "H1'"      4.941    0.002    .    .    .    .    .    NEED_ACC_NUM    1    
    311    1    39    39    39    GUA    "H2'"    H     1    39    GUA    "H2'"      4.301    0.000    .    .    .    .    .    NEED_ACC_NUM    1    
    312    1    39    39    39    GUA    H21,2    H     1    39    GUA    H21,2      6.390    0.003    .    .    .    .    .    NEED_ACC_NUM    1    
    313    1    39    39    39    GUA    H21-2    H     1    39    GUA    H21-2      6.397    0.000    .    .    .    .    .    NEED_ACC_NUM    1    
    314    1    39    39    39    GUA       C8    C    13    39    GUA       C8    136.741    0.000    .    .    .    .    .    NEED_ACC_NUM    1    
    315    1    39    39    39    GUA    "C1'"    C    13    39    GUA    "C1'"     91.062    0.000    .    .    .    .    .    NEED_ACC_NUM    1    
    316    1    39    39    39    GUA       N1    N    15    39    GUA       N1    143.440    0.000    .    .    .    .    .    NEED_ACC_NUM    1    
    317    1    40    40    40    URI       H3    H     1    40    URI       H3     14.201    0.014    .    .    .    .    .    NEED_ACC_NUM    1    
    318    1    40    40    40    URI       H5    H     1    40    URI       H5      5.369    0.010    .    .    .    .    .    NEED_ACC_NUM    1    
    319    1    40    40    40    URI       H6    H     1    40    URI       H6      7.617    0.006    .    .    .    .    .    NEED_ACC_NUM    1    
    320    1    40    40    40    URI    "H1'"    H     1    40    URI    "H1'"      5.342    0.007    .    .    .    .    .    NEED_ACC_NUM    1    
    321    1    40    40    40    URI    "H2'"    H     1    40    URI    "H2'"      4.262    0.003    .    .    .    .    .    NEED_ACC_NUM    1    
    322    1    40    40    40    URI       C5    C    13    40    URI       C5    101.857    0.000    .    .    .    .    .    NEED_ACC_NUM    1    
    323    1    40    40    40    URI       C6    C    13    40    URI       C6    141.318    0.000    .    .    .    .    .    NEED_ACC_NUM    1    
    324    1    40    40    40    URI    "C1'"    C    13    40    URI    "C1'"     92.065    0.000    .    .    .    .    .    NEED_ACC_NUM    1    
    325    1    40    40    40    URI       N3    N    15    40    URI       N3    164.361    0.000    .    .    .    .    .    NEED_ACC_NUM    1    
    326    1    41    41    41    CYT       H5    H     1    41    CYT       H5      5.552    0.021    .    .    .    .    .    NEED_ACC_NUM    1    
    327    1    41    41    41    CYT       H6    H     1    41    CYT       H6      7.887    0.001    .    .    .    .    .    NEED_ACC_NUM    1    
    328    1    41    41    41    CYT    "H1'"    H     1    41    CYT    "H1'"      5.549    0.022    .    .    .    .    .    NEED_ACC_NUM    1    
    329    1    41    41    41    CYT    "H2'"    H     1    41    CYT    "H2'"      4.263    0.016    .    .    .    .    .    NEED_ACC_NUM    1    
    330    1    41    41    41    CYT      H41    H     1    41    CYT      H41      8.300    0.002    .    .    .    .    .    NEED_ACC_NUM    1    
    331    1    41    41    41    CYT      H42    H     1    41    CYT      H42      6.978    0.003    .    .    .    .    .    NEED_ACC_NUM    1    
    332    1    41    41    41    CYT       C5    C    13    41    CYT       C5     96.132    0.000    .    .    .    .    .    NEED_ACC_NUM    1    
    333    1    41    41    41    CYT    "C1'"    C    13    41    CYT    "C1'"     92.374    0.000    .    .    .    .    .    NEED_ACC_NUM    1    
    334    1    42    42    42    CYT       H5    H     1    42    CYT       H5      5.406    0.018    .    .    .    .    .    NEED_ACC_NUM    1    
    335    1    42    42    42    CYT       H6    H     1    42    CYT       H6      7.664    0.003    .    .    .    .    .    NEED_ACC_NUM    1    
    336    1    42    42    42    CYT    "H1'"    H     1    42    CYT    "H1'"      5.457    0.019    .    .    .    .    .    NEED_ACC_NUM    1    
    337    1    42    42    42    CYT    "H2'"    H     1    42    CYT    "H2'"      4.319    0.002    .    .    .    .    .    NEED_ACC_NUM    1    
    338    1    42    42    42    CYT      H41    H     1    42    CYT      H41      8.355    0.004    .    .    .    .    .    NEED_ACC_NUM    1    
    339    1    42    42    42    CYT      H42    H     1    42    CYT      H42      6.860    0.004    .    .    .    .    .    NEED_ACC_NUM    1    
    340    1    42    42    42    CYT       C5    C    13    42    CYT       C5     96.648    0.000    .    .    .    .    .    NEED_ACC_NUM    1    
    341    1    42    42    42    CYT    "C1'"    C    13    42    CYT    "C1'"     92.356    0.000    .    .    .    .    .    NEED_ACC_NUM    1    
    342    1    43    43    43    URI       H3    H     1    43    URI       H3     11.844    0.009    .    .    .    .    .    NEED_ACC_NUM    1    
    343    1    43    43    43    URI       H5    H     1    43    URI       H5      5.611    0.006    .    .    .    .    .    NEED_ACC_NUM    1    
    344    1    43    43    43    URI       H6    H     1    43    URI       H6      7.750    0.006    .    .    .    .    .    NEED_ACC_NUM    1    
    345    1    43    43    43    URI    "H1'"    H     1    43    URI    "H1'"      5.731    0.009    .    .    .    .    .    NEED_ACC_NUM    1    
    346    1    43    43    43    URI    "H2'"    H     1    43    URI    "H2'"      3.996    0.009    .    .    .    .    .    NEED_ACC_NUM    1    
    347    1    43    43    43    URI    "H3'"    H     1    43    URI    "H3'"      4.156    0.000    .    .    .    .    .    NEED_ACC_NUM    1    
    348    1    43    43    43    URI       C5    C    13    43    URI       C5    102.756    0.000    .    .    .    .    .    NEED_ACC_NUM    1    
    349    1    43    43    43    URI    "C1'"    C    13    43    URI    "C1'"     91.318    0.000    .    .    .    .    .    NEED_ACC_NUM    1    
    350    1    43    43    43    URI       N3    N    15    43    URI       N3    158.029    0.000    .    .    .    .    .    NEED_ACC_NUM    1    
    
stop_
